{"devicePlatform":"","logFolder":"E:\\TEST\\Katalon Studio\\TestBaidu\\Reports\\TS_RegressionTest\\20180424_165448","runData":{"hostName":"\\uFFFD\\u07F9\\uFFFD - LAPTOP-I57JRPOG","hostAddress":"192.168.2.115","os":"Windows 10 64bit","katalonVersion":"5.4.1.1"},"type":"TEST_SUITE","name":"TS_RegressionTest","id":"Test Suites/TS_RegressionTest","source":"","message":"Test Cases/Main Test Cases/TC1_Verify Successful Login FAILED because (of) Unable to open browser with url: \u0027http://demoaut.katalon.com\u0027 (Root cause: java.lang.IllegalStateException: The driver executable does not exist: E:\\???????\\????\\Katalon_Studio_Windows_64-5.4.1\\Katalon_Studio_Windows_64-5.4.1\\configuration\\resources\\drivers\\chromedriver_win32\\chromedriver.exe)","description":"","startTime":1524560090083,"endTime":1524560091784,"childRecords":[{"isOptional":false,"type":"TEST_CASE","name":"Test Cases/Main Test Cases/TC1_Verify Successful Login","id":"Test Cases/Main Test Cases/TC1_Verify Successful Login","source":"E:\\\\TEST\\\\Katalon Studio\\\\TestBaidu\\\\Test Cases\\\\Main Test Cases\\\\TC1_Verify Successful Login.tc","message":"Test Cases/Main Test Cases/TC1_Verify Successful Login FAILED because (of) Unable to open browser with url: \u0027http://demoaut.katalon.com\u0027 (Root cause: java.lang.IllegalStateException: The driver executable does not exist: E:\\???????\\????\\Katalon_Studio_Windows_64-5.4.1\\Katalon_Studio_Windows_64-5.4.1\\configuration\\resources\\drivers\\chromedriver_win32\\chromedriver.exe)","description":"Verify if users can login successful. \\n\\nSteps:\\n- Click on \u0027Book Appointment\u0027 button to login\\n- Input username and password\\n- Click on \u0027Login\u0027 button\\n\\nExpected result:\\n\u0027Appointment\u0027 section is displayed after successful login","startTime":1524560090506,"endTime":1524560091508,"childRecords":[{"testStatus":{"stackTrace":"","statusValue":"INFO"},"type":"MESSAGE","name":"","message":"Evaluating variables for test case","startTime":1524560090534,"endTime":0,"childRecords":[],"interuppted":false},{"testStatus":{"stackTrace":"","statusValue":"INFO"},"type":"MESSAGE","name":"","message":"Variable \u0027Username\u0027 is set to John Doe as default","startTime":1524560090601,"endTime":0,"childRecords":[],"interuppted":false},{"testStatus":{"stackTrace":"","statusValue":"INFO"},"type":"MESSAGE","name":"","message":"Variable \u0027Password\u0027 is set to ThisIsNotAPassword as default","startTime":1524560090612,"endTime":0,"childRecords":[],"interuppted":false},{"index":1,"isIgnoredIfFailed":false,"type":"TEST_STEP","name":"comment","message":"Story: Login to CURA system","description":"","startTime":1524560090968,"endTime":1524560091028,"childRecords":[],"interuppted":false},{"index":2,"isIgnoredIfFailed":false,"type":"TEST_STEP","name":"comment","message":"Given that the user has the valid login information","description":"","startTime":1524560091032,"endTime":1524560091035,"childRecords":[],"interuppted":false},{"index":3,"isIgnoredIfFailed":false,"type":"TEST_STEP","name":"openBrowser","message":"Unable to open browser with url: \u0027http://demoaut.katalon.com\u0027 (Root cause: java.lang.IllegalStateException: The driver executable does not exist: E:\\???????\\????\\Katalon_Studio_Windows_64-5.4.1\\Katalon_Studio_Windows_64-5.4.1\\configuration\\resources\\drivers\\chromedriver_win32\\chromedriver.exe)","description":"","startTime":1524560091037,"endTime":1524560091501,"childRecords":[{"testStatus":{"stackTrace":"","statusValue":"FAILED"},"type":"MESSAGE","name":"","message":"Unable to open browser with url: \u0027http://demoaut.katalon.com\u0027 (Root cause: java.lang.IllegalStateException: The driver executable does not exist: E:\\???????\\????\\Katalon_Studio_Windows_64-5.4.1\\Katalon_Studio_Windows_64-5.4.1\\configuration\\resources\\drivers\\chromedriver_win32\\chromedriver.exe)","startTime":1524560091499,"endTime":0,"childRecords":[],"interuppted":false}],"interuppted":false},{"testStatus":{"stackTrace":"","statusValue":"FAILED"},"type":"MESSAGE","name":"","message":"Test Cases/Main Test Cases/TC1_Verify Successful Login FAILED because (of) Unable to open browser with url: \u0027http://demoaut.katalon.com\u0027 (Root cause: java.lang.IllegalStateException: The driver executable does not exist: E:\\???????\\????\\Katalon_Studio_Windows_64-5.4.1\\Katalon_Studio_Windows_64-5.4.1\\configuration\\resources\\drivers\\chromedriver_win32\\chromedriver.exe)","startTime":1524560091502,"endTime":0,"childRecords":[],"interuppted":false}],"interuppted":false},{"isOptional":false,"type":"TEST_CASE","name":"Test Cases/Main Test Cases/TC2_Verify Successful Appointment","id":"Test Cases/Main Test Cases/TC2_Verify Successful Appointment","source":"E:\\\\TEST\\\\Katalon Studio\\\\TestBaidu\\\\Test Cases\\\\Main Test Cases\\\\TC2_Verify Successful Appointment.tc","message":"Test Cases/Main Test Cases/TC2_Verify Successful Appointment FAILED because (of) Unable to open browser with url: \u0027http://demoaut.katalon.com\u0027 (Root cause: java.lang.IllegalStateException: The driver executable does not exist: E:\\???????\\????\\Katalon_Studio_Windows_64-5.4.1\\Katalon_Studio_Windows_64-5.4.1\\configuration\\resources\\drivers\\chromedriver_win32\\chromedriver.exe)","description":"Verify if users can book an appointment sucessfully.\\nPre-condition: Users have already logged in\\n\\nSteps:\\n- Fill in appoinment\u0027s information\\n- Click on appointment\u0027s button\\n\\nExpected results:\\nAppointment Confirmation page is displayed","startTime":1524560091513,"endTime":1524560091750,"childRecords":[{"testStatus":{"stackTrace":"","statusValue":"INFO"},"type":"MESSAGE","name":"","message":"Evaluating variables for test case","startTime":1524560091530,"endTime":0,"childRecords":[],"interuppted":false},{"index":1,"isIgnoredIfFailed":false,"type":"TEST_STEP","name":"comment","message":"Story: Book an appointment","description":"","startTime":1524560091720,"endTime":1524560091723,"childRecords":[],"interuppted":false},{"index":2,"isIgnoredIfFailed":false,"type":"TEST_STEP","name":"comment","message":"Given that the user has logged into their account","description":"","startTime":1524560091724,"endTime":1524560091727,"childRecords":[],"interuppted":false},{"index":3,"isIgnoredIfFailed":false,"type":"TEST_STEP","name":"openBrowser","message":"Unable to open browser with url: \u0027http://demoaut.katalon.com\u0027 (Root cause: java.lang.IllegalStateException: The driver executable does not exist: E:\\???????\\????\\Katalon_Studio_Windows_64-5.4.1\\Katalon_Studio_Windows_64-5.4.1\\configuration\\resources\\drivers\\chromedriver_win32\\chromedriver.exe)","description":"","startTime":1524560091727,"endTime":1524560091746,"childRecords":[{"testStatus":{"stackTrace":"","statusValue":"FAILED"},"type":"MESSAGE","name":"","message":"Unable to open browser with url: \u0027http://demoaut.katalon.com\u0027 (Root cause: java.lang.IllegalStateException: The driver executable does not exist: E:\\???????\\????\\Katalon_Studio_Windows_64-5.4.1\\Katalon_Studio_Windows_64-5.4.1\\configuration\\resources\\drivers\\chromedriver_win32\\chromedriver.exe)","startTime":1524560091745,"endTime":0,"childRecords":[],"interuppted":false}],"interuppted":false},{"testStatus":{"stackTrace":"","statusValue":"FAILED"},"type":"MESSAGE","name":"","message":"Test Cases/Main Test Cases/TC2_Verify Successful Appointment FAILED because (of) Unable to open browser with url: \u0027http://demoaut.katalon.com\u0027 (Root cause: java.lang.IllegalStateException: The driver executable does not exist: E:\\???????\\????\\Katalon_Studio_Windows_64-5.4.1\\Katalon_Studio_Windows_64-5.4.1\\configuration\\resources\\drivers\\chromedriver_win32\\chromedriver.exe)","startTime":1524560091747,"endTime":0,"childRecords":[],"interuppted":false}],"interuppted":false}],"interuppted":false}